20:11:26.914 [main] WARN  org.testng.xml.TestNGContentHandler - It is strongly recommended to add "<!DOCTYPE suite SYSTEM "https://testng.org/testng-1.1.dtd" >" at the top of the suite file [C:\WorkSpace\Java\OpenCartVersion1.2.1\MasterSuite.xml] otherwise TestNG may fail or not work as expected.
20:11:27.582 [main] INFO  org.testng.internal.Utils - [TestNG] Running:
  C:\WorkSpace\Java\OpenCartVersion1.2.1\MasterSuite.xml

20:13:15.394 [main] DEBUG org.testng.TestNG - suiteXmlPath: "C:\WorkSpace\Java\OpenCartVersion1.2.1\MasterSuite.xml"
20:13:15.431 [main] WARN  org.testng.xml.TestNGContentHandler - It is strongly recommended to add "<!DOCTYPE suite SYSTEM "https://testng.org/testng-1.1.dtd" >" at the top of the suite file [C:\WorkSpace\Java\OpenCartVersion1.2.1\MasterSuite.xml] otherwise TestNG may fail or not work as expected.
20:13:15.973 [main] INFO  org.testng.internal.Utils - [TestNG] Running:
  C:\WorkSpace\Java\OpenCartVersion1.2.1\MasterSuite.xml

20:15:03.764 [main] DEBUG org.testng.TestNG - suiteXmlPath: "C:\WorkSpace\Java\OpenCartVersion1.2.1\MasterSuite.xml"
20:15:03.822 [main] WARN  org.testng.xml.TestNGContentHandler - It is strongly recommended to add "<!DOCTYPE suite SYSTEM "https://testng.org/testng-1.1.dtd" >" at the top of the suite file [C:\WorkSpace\Java\OpenCartVersion1.2.1\MasterSuite.xml] otherwise TestNG may fail or not work as expected.
20:15:04.531 [main] INFO  org.testng.internal.Utils - [TestNG] Running:
  C:\WorkSpace\Java\OpenCartVersion1.2.1\MasterSuite.xml

20:15:56.920 [main] DEBUG org.testng.TestNG - suiteXmlPath: "C:\WorkSpace\Java\OpenCartVersion1.2.1\MasterSuite.xml"
20:15:56.968 [main] WARN  org.testng.xml.TestNGContentHandler - It is strongly recommended to add "<!DOCTYPE suite SYSTEM "https://testng.org/testng-1.1.dtd" >" at the top of the suite file [C:\WorkSpace\Java\OpenCartVersion1.2.1\MasterSuite.xml] otherwise TestNG may fail or not work as expected.
20:15:57.521 [main] INFO  org.testng.internal.Utils - [TestNG] Running:
  C:\WorkSpace\Java\OpenCartVersion1.2.1\MasterSuite.xml

22:30:52.360 [main] DEBUG org.testng.TestNG - suiteXmlPath: "C:\WorkSpace\Java\OpenCartVersion1.2.1\MasterSuite.xml"
22:30:52.402 [main] WARN  org.testng.xml.TestNGContentHandler - It is strongly recommended to add "<!DOCTYPE suite SYSTEM "https://testng.org/testng-1.1.dtd" >" at the top of the suite file [C:\WorkSpace\Java\OpenCartVersion1.2.1\MasterSuite.xml] otherwise TestNG may fail or not work as expected.
22:30:52.984 [main] INFO  org.testng.internal.Utils - [TestNG] Running:
  C:\WorkSpace\Java\OpenCartVersion1.2.1\MasterSuite.xml

22:31:05.251 [main] INFO  testCases.TC_LF_010_VerifyUserLoggingoutOnBack - ==============VerifyUserLoggingoutOnBack===============
22:31:05.333 [main] INFO  testCases.TC_LF_010_VerifyUserLoggingoutOnBack - Click the MyAccount link from Home page
22:31:05.594 [main] INFO  testCases.TC_LF_010_VerifyUserLoggingoutOnBack - Click the login link inside the MyAccount dropdown
22:31:08.083 [main] INFO  testCases.TC_LF_010_VerifyUserLoggingoutOnBack - After clicking the login link navigated to login page
22:31:08.090 [main] INFO  testCases.TC_LF_010_VerifyUserLoggingoutOnBack - Enter below details in the login page
22:31:15.811 [main] INFO  testCases.TC_LF_010_VerifyUserLoggingoutOnBack - Navigate back to the login page
22:31:15.927 [main] INFO  testCases.TC_LF_010_VerifyUserLoggingoutOnBack -  validating the user should not get loggedin again
